Using pre-set license
Built from '2020.3/staging' branch; Version is '2020.3.18f1 (a7d1c678663c) revision 10998214'; Using compiler version '192528614'; Build Type 'Release'
OS: 'Windows 10 Pro; OS build 19043.1237; Version 2009; 64bit' Language: 'en' Physical Memory: 16326 MB
BatchMode: 1, IsHumanControllingUs: 0, StartBugReporterOnCrash: 0, Is64bit: 1, IsPro: 0

COMMAND LINE ARGUMENTS:
C:\Program Files\Unity\Hub\Editor\2020.3.18f1\Editor\Unity.exe
-adb2
-batchMode
-noUpm
-name
AssetImportWorker0
-projectPath
E:/Unity/Realm Rush
-logFile
Logs/AssetImportWorker0.log
-srvPort
58347
Successfully changed project path to: E:/Unity/Realm Rush
E:/Unity/Realm Rush
Using Asset Import Pipeline V2.
Refreshing native plugins compatible for Editor in 31.62 ms, found 2 plugins.
Preloading 0 native plugins for Editor in 0.00 ms.
Initialize engine version: 2020.3.18f1 (a7d1c678663c)
[Subsystems] Discovering subsystems at path C:/Program Files/Unity/Hub/Editor/2020.3.18f1/Editor/Data/Resources/UnitySubsystems
[Subsystems] Discovering subsystems at path E:/Unity/Realm Rush/Assets
GfxDevice: creating device client; threaded=0
Direct3D:
    Version:  Direct3D 11.0 [level 11.1]
    Renderer: NVIDIA GeForce GTX 1070 (ID=0x1b81)
    Vendor:   
    VRAM:     8088 MB
    Driver:   30.0.14.7168
Initialize mono
Mono path[0] = 'C:/Program Files/Unity/Hub/Editor/2020.3.18f1/Editor/Data/Managed'
Mono path[1] = 'C:/Program Files/Unity/Hub/Editor/2020.3.18f1/Editor/Data/MonoBleedingEdge/lib/mono/unityjit'
Mono config path = 'C:/Program Files/Unity/Hub/Editor/2020.3.18f1/Editor/Data/MonoBleedingEdge/etc'
Using monoOptions --debugger-agent=transport=dt_socket,embedding=1,server=y,suspend=n,address=127.0.0.1:56992
Begin MonoManager ReloadAssembly
Registering precompiled unity dll's ...
Register platform support module: C:/Program Files/Unity/Hub/Editor/2020.3.18f1/Editor/Data/PlaybackEngines/WebGLSupport/UnityEditor.WebGL.Extensions.dll
Register platform support module: C:/Program Files/Unity/Hub/Editor/2020.3.18f1/Editor/Data/PlaybackEngines/WindowsStandaloneSupport/UnityEditor.WindowsStandalone.Extensions.dll
Registered in 0.003650 seconds.
Native extension for WindowsStandalone target not found
Native extension for WebGL target not found
Refreshing native plugins compatible for Editor in 29.92 ms, found 2 plugins.
Preloading 0 native plugins for Editor in 0.00 ms.
Mono: successfully reloaded assembly
- Completed reload, in  1.135 seconds
Domain Reload Profiling:
	ReloadAssembly (1135ms)
		BeginReloadAssembly (61ms)
			ExecutionOrderSort (0ms)
			DisableScriptedObjects (0ms)
			BackupInstance (0ms)
			ReleaseScriptingObjects (0ms)
			CreateAndSetChildDomain (1ms)
		EndReloadAssembly (371ms)
			LoadAssemblies (58ms)
			RebuildTransferFunctionScriptingTraits (0ms)
			SetupTypeCache (134ms)
			ReleaseScriptCaches (0ms)
			RebuildScriptCaches (27ms)
			SetupLoadedEditorAssemblies (144ms)
				LogAssemblyErrors (0ms)
				InitializePlatformSupportModulesInManaged (5ms)
				SetLoadedEditorAssemblies (0ms)
				RefreshPlugins (30ms)
				BeforeProcessingInitializeOnLoad (15ms)
				ProcessInitializeOnLoadAttributes (70ms)
				ProcessInitializeOnLoadMethodAttributes (24ms)
				AfterProcessingInitializeOnLoad (0ms)
				EditorAssembliesLoaded (0ms)
			ExecutionOrderSort2 (0ms)
			AwakeInstancesAfterBackupRestoration (0ms)
Platform modules already initialized, skipping
Registering precompiled user dll's ...
Registered in 0.002916 seconds.
Begin MonoManager ReloadAssembly
Native extension for WindowsStandalone target not found
Native extension for WebGL target not found
Refreshing native plugins compatible for Editor in 47.41 ms, found 2 plugins.
Preloading 0 native plugins for Editor in 0.00 ms.
Mono: successfully reloaded assembly
- Completed reload, in  1.029 seconds
Domain Reload Profiling:
	ReloadAssembly (1030ms)
		BeginReloadAssembly (145ms)
			ExecutionOrderSort (0ms)
			DisableScriptedObjects (4ms)
			BackupInstance (0ms)
			ReleaseScriptingObjects (0ms)
			CreateAndSetChildDomain (17ms)
		EndReloadAssembly (823ms)
			LoadAssemblies (93ms)
			RebuildTransferFunctionScriptingTraits (0ms)
			SetupTypeCache (266ms)
			ReleaseScriptCaches (0ms)
			RebuildScriptCaches (37ms)
			SetupLoadedEditorAssemblies (325ms)
				LogAssemblyErrors (0ms)
				InitializePlatformSupportModulesInManaged (4ms)
				SetLoadedEditorAssemblies (0ms)
				RefreshPlugins (48ms)
				BeforeProcessingInitializeOnLoad (63ms)
				ProcessInitializeOnLoadAttributes (195ms)
				ProcessInitializeOnLoadMethodAttributes (3ms)
				AfterProcessingInitializeOnLoad (11ms)
				EditorAssembliesLoaded (0ms)
			ExecutionOrderSort2 (0ms)
			AwakeInstancesAfterBackupRestoration (8ms)
Platform modules already initialized, skipping
========================================================================
Worker process is ready to serve import requests
Launched and connected shader compiler UnityShaderCompiler.exe after 0.07 seconds
Refreshing native plugins compatible for Editor in 0.38 ms, found 2 plugins.
Preloading 0 native plugins for Editor in 0.00 ms.
Unloading 1717 Unused Serialized files (Serialized files now loaded: 0)
System memory in use before: 79.1 MB.
System memory in use after: 79.2 MB.

Unloading 18 unused Assets to reduce memory usage. Loaded Objects now: 2155.
Total: 2.652600 ms (FindLiveObjects: 0.154400 ms CreateObjectMapping: 0.062400 ms MarkObjects: 2.368500 ms  DeleteObjects: 0.066300 ms)

AssetImportParameters requested are different than current active one (requested -> active):
  custom:framework-win-MediaFoundation: 216162199b28c13a410421893ffa2e32 -> 
  custom:video-decoder-ogg-theora: a1e56fd34408186e4bbccfd4996cb3dc -> 
  custom:container-muxer-webm: aa71ff27fc2769a1b78a27578f13a17b -> 
  custom:container-demuxer-webm: 4f35f7cbe854078d1ac9338744f61a02 -> 
  custom:container-demuxer-ogg: 62fdf1f143b41e24485cea50d1cbac27 -> 
  custom:video-encoder-webm-vp8: eb34c28f22e8b96e1ab97ce403110664 -> 
  custom:video-codec-MediaFoundation-h265: 746d11721c4dcdbdad8f713fa42b33f4 -> 
  custom:video-decoder-webm-vp8: 9c59270c3fd7afecdb556c50c9e8de78 -> 
  custom:audio-decoder-ogg-vorbis: bf7c407c2cedff20999df2af8eb42d56 -> 
  custom:audio-encoder-webm-vorbis: bf7c407c2cedff20999df2af8eb42d56 -> 
========================================================================
Received Import Request.
  path: ProjectSettings/TagManager.asset
  artifactKey: Guid(00000000000000003000000000000000) Importer(815301076,1909f56bfc062723c751e8b465ee728b)
Start importing ProjectSettings/TagManager.asset using Guid(00000000000000003000000000000000) Importer(815301076,1909f56bfc062723c751e8b465ee728b)  -> (artifact id: 'fd98ee39f714bb86c4dd1a529006e157') in 0.048805 seconds 
  Import took 0.051774 seconds .

========================================================================
Received Prepare
Registering precompiled user dll's ...
Registered in 0.002736 seconds.
Begin MonoManager ReloadAssembly
Native extension for WindowsStandalone target not found
Native extension for WebGL target not found
Refreshing native plugins compatible for Editor in 0.40 ms, found 2 plugins.
Preloading 0 native plugins for Editor in 0.00 ms.
Mono: successfully reloaded assembly
- Completed reload, in  0.950 seconds
Domain Reload Profiling:
	ReloadAssembly (950ms)
		BeginReloadAssembly (119ms)
			ExecutionOrderSort (0ms)
			DisableScriptedObjects (4ms)
			BackupInstance (0ms)
			ReleaseScriptingObjects (0ms)
			CreateAndSetChildDomain (37ms)
		EndReloadAssembly (772ms)
			LoadAssemblies (91ms)
			RebuildTransferFunctionScriptingTraits (0ms)
			SetupTypeCache (287ms)
			ReleaseScriptCaches (1ms)
			RebuildScriptCaches (33ms)
			SetupLoadedEditorAssemblies (275ms)
				LogAssemblyErrors (0ms)
				InitializePlatformSupportModulesInManaged (5ms)
				SetLoadedEditorAssemblies (0ms)
				RefreshPlugins (0ms)
				BeforeProcessingInitializeOnLoad (68ms)
				ProcessInitializeOnLoadAttributes (188ms)
				ProcessInitializeOnLoadMethodAttributes (3ms)
				AfterProcessingInitializeOnLoad (10ms)
				EditorAssembliesLoaded (0ms)
			ExecutionOrderSort2 (0ms)
			AwakeInstancesAfterBackupRestoration (6ms)
Platform modules already initialized, skipping
Refreshing native plugins compatible for Editor in 0.47 ms, found 2 plugins.
Preloading 0 native plugins for Editor in 0.00 ms.
Unloading 1698 Unused Serialized files (Serialized files now loaded: 0)
System memory in use before: 77.8 MB.
System memory in use after: 77.9 MB.

Unloading 12 unused Assets to reduce memory usage. Loaded Objects now: 2157.
Total: 2.595100 ms (FindLiveObjects: 0.146500 ms CreateObjectMapping: 0.059600 ms MarkObjects: 2.368800 ms  DeleteObjects: 0.018900 ms)

AssetImportParameters requested are different than current active one (requested -> active):
  custom:framework-win-MediaFoundation: 216162199b28c13a410421893ffa2e32 -> 
  custom:video-decoder-ogg-theora: a1e56fd34408186e4bbccfd4996cb3dc -> 
  custom:container-muxer-webm: aa71ff27fc2769a1b78a27578f13a17b -> 
  custom:container-demuxer-webm: 4f35f7cbe854078d1ac9338744f61a02 -> 
  custom:container-demuxer-ogg: 62fdf1f143b41e24485cea50d1cbac27 -> 
  custom:video-encoder-webm-vp8: eb34c28f22e8b96e1ab97ce403110664 -> 
  custom:video-codec-MediaFoundation-h265: 746d11721c4dcdbdad8f713fa42b33f4 -> 
  custom:video-decoder-webm-vp8: 9c59270c3fd7afecdb556c50c9e8de78 -> 
  custom:audio-decoder-ogg-vorbis: bf7c407c2cedff20999df2af8eb42d56 -> 
  custom:audio-encoder-webm-vorbis: bf7c407c2cedff20999df2af8eb42d56 -> 
========================================================================
Received Prepare
Registering precompiled user dll's ...
Registered in 0.003131 seconds.
Begin MonoManager ReloadAssembly
Native extension for WindowsStandalone target not found
Native extension for WebGL target not found
Refreshing native plugins compatible for Editor in 0.35 ms, found 2 plugins.
Preloading 0 native plugins for Editor in 0.00 ms.
Mono: successfully reloaded assembly
- Completed reload, in  0.948 seconds
Domain Reload Profiling:
	ReloadAssembly (948ms)
		BeginReloadAssembly (117ms)
			ExecutionOrderSort (0ms)
			DisableScriptedObjects (4ms)
			BackupInstance (0ms)
			ReleaseScriptingObjects (0ms)
			CreateAndSetChildDomain (29ms)
		EndReloadAssembly (758ms)
			LoadAssemblies (92ms)
			RebuildTransferFunctionScriptingTraits (0ms)
			SetupTypeCache (267ms)
			ReleaseScriptCaches (1ms)
			RebuildScriptCaches (46ms)
			SetupLoadedEditorAssemblies (269ms)
				LogAssemblyErrors (0ms)
				InitializePlatformSupportModulesInManaged (5ms)
				SetLoadedEditorAssemblies (0ms)
				RefreshPlugins (0ms)
				BeforeProcessingInitializeOnLoad (63ms)
				ProcessInitializeOnLoadAttributes (187ms)
				ProcessInitializeOnLoadMethodAttributes (3ms)
				AfterProcessingInitializeOnLoad (10ms)
				EditorAssembliesLoaded (0ms)
			ExecutionOrderSort2 (0ms)
			AwakeInstancesAfterBackupRestoration (6ms)
Platform modules already initialized, skipping
Refreshing native plugins compatible for Editor in 0.45 ms, found 2 plugins.
Preloading 0 native plugins for Editor in 0.00 ms.
Unloading 1698 Unused Serialized files (Serialized files now loaded: 0)
System memory in use before: 77.9 MB.
System memory in use after: 78.0 MB.

Unloading 11 unused Assets to reduce memory usage. Loaded Objects now: 2159.
Total: 2.973200 ms (FindLiveObjects: 0.151100 ms CreateObjectMapping: 0.060100 ms MarkObjects: 2.738200 ms  DeleteObjects: 0.022200 ms)

AssetImportParameters requested are different than current active one (requested -> active):
  custom:framework-win-MediaFoundation: 216162199b28c13a410421893ffa2e32 -> 
  custom:video-decoder-ogg-theora: a1e56fd34408186e4bbccfd4996cb3dc -> 
  custom:container-muxer-webm: aa71ff27fc2769a1b78a27578f13a17b -> 
  custom:container-demuxer-webm: 4f35f7cbe854078d1ac9338744f61a02 -> 
  custom:container-demuxer-ogg: 62fdf1f143b41e24485cea50d1cbac27 -> 
  custom:video-encoder-webm-vp8: eb34c28f22e8b96e1ab97ce403110664 -> 
  custom:video-codec-MediaFoundation-h265: 746d11721c4dcdbdad8f713fa42b33f4 -> 
  custom:video-decoder-webm-vp8: 9c59270c3fd7afecdb556c50c9e8de78 -> 
  custom:audio-decoder-ogg-vorbis: bf7c407c2cedff20999df2af8eb42d56 -> 
  custom:audio-encoder-webm-vorbis: bf7c407c2cedff20999df2af8eb42d56 -> 
========================================================================
Received Import Request.
  Time since last request: 783.982459 seconds.
  path: Assets/Tile/Grass
  artifactKey: Guid(c2b45fd566ff57b46a2c11dc86a39421) Importer(815301076,1909f56bfc062723c751e8b465ee728b)
Start importing Assets/Tile/Grass using Guid(c2b45fd566ff57b46a2c11dc86a39421) Importer(815301076,1909f56bfc062723c751e8b465ee728b)  -> (artifact id: '4cf0be2ff35ec881dae2fb53d01a9b8b') in 0.011146 seconds 
  Import took 0.014268 seconds .

========================================================================
Received Import Request.
  Time since last request: 5.387654 seconds.
  path: Assets/Tile/Grass/Tile.prefab
  artifactKey: Guid(63b02243192f7794ba5db46b7ecce572) Importer(815301076,1909f56bfc062723c751e8b465ee728b)
Start importing Assets/Tile/Grass/Tile.prefab using Guid(63b02243192f7794ba5db46b7ecce572) Importer(815301076,1909f56bfc062723c751e8b465ee728b)  -> (artifact id: '18beceaa737cf96430ca3137c56a5639') in 0.142837 seconds 
  Import took 0.145702 seconds .

========================================================================
Received Import Request.
  Time since last request: 6.288640 seconds.
  path: Assets/Tile/Water
  artifactKey: Guid(c9d7e872a9e3d9d499bd7dee1fb2f7e6) Importer(815301076,1909f56bfc062723c751e8b465ee728b)
Start importing Assets/Tile/Water using Guid(c9d7e872a9e3d9d499bd7dee1fb2f7e6) Importer(815301076,1909f56bfc062723c751e8b465ee728b)  -> (artifact id: 'e1bdb8544cd571afe9e7bbd66398904d') in 0.007823 seconds 
  Import took 0.010412 seconds .

========================================================================
Received Import Request.
  Time since last request: 10.439092 seconds.
  path: Assets/Tile/Tree
  artifactKey: Guid(06a14106e65fbfc429a7af0c01264969) Importer(815301076,1909f56bfc062723c751e8b465ee728b)
Start importing Assets/Tile/Tree using Guid(06a14106e65fbfc429a7af0c01264969) Importer(815301076,1909f56bfc062723c751e8b465ee728b)  -> (artifact id: '8c9dd8c9935c31b53435721a0120e811') in 0.007820 seconds 
  Import took 0.011012 seconds .

========================================================================
Received Import Request.
  Time since last request: 22.064887 seconds.
  path: Assets/Tile/Tree/Tree_Group.prefab
  artifactKey: Guid(7672d8079bbd0ff488f5aa5feae6ce69) Importer(815301076,1909f56bfc062723c751e8b465ee728b)
Start importing Assets/Tile/Tree/Tree_Group.prefab using Guid(7672d8079bbd0ff488f5aa5feae6ce69) Importer(815301076,1909f56bfc062723c751e8b465ee728b)  -> (artifact id: '3e71cb0334f5e210e1a841e9e9e3bcb2') in 0.015494 seconds 
  Import took 0.018926 seconds .

========================================================================
Received Import Request.
  Time since last request: 4.697849 seconds.
  path: Assets/Tile/Tree/Tree_Large (1).prefab
  artifactKey: Guid(30d2dcb3593de0044beb81afbde616cb) Importer(815301076,1909f56bfc062723c751e8b465ee728b)
Start importing Assets/Tile/Tree/Tree_Large (1).prefab using Guid(30d2dcb3593de0044beb81afbde616cb) Importer(815301076,1909f56bfc062723c751e8b465ee728b)  -> (artifact id: 'da6183325856d70610d6451c558fff67') in 0.012498 seconds 
  Import took 0.015314 seconds .

========================================================================
Received Import Request.
  Time since last request: 190.643249 seconds.
  path: Assets/Tile/Tree/Tree_Large.prefab
  artifactKey: Guid(30d2dcb3593de0044beb81afbde616cb) Importer(815301076,1909f56bfc062723c751e8b465ee728b)
Start importing Assets/Tile/Tree/Tree_Large.prefab using Guid(30d2dcb3593de0044beb81afbde616cb) Importer(815301076,1909f56bfc062723c751e8b465ee728b)  -> (artifact id: 'aeb3fd53d0aaecd2eb1f44290e548cf7') in 0.014201 seconds 
  Import took 0.017816 seconds .

========================================================================
Received Prepare
Registering precompiled user dll's ...
Registered in 0.002857 seconds.
Begin MonoManager ReloadAssembly
Native extension for WindowsStandalone target not found
Native extension for WebGL target not found
Refreshing native plugins compatible for Editor in 0.35 ms, found 2 plugins.
Preloading 0 native plugins for Editor in 0.00 ms.
Mono: successfully reloaded assembly
- Completed reload, in  0.987 seconds
Domain Reload Profiling:
	ReloadAssembly (988ms)
		BeginReloadAssembly (115ms)
			ExecutionOrderSort (0ms)
			DisableScriptedObjects (4ms)
			BackupInstance (0ms)
			ReleaseScriptingObjects (0ms)
			CreateAndSetChildDomain (33ms)
		EndReloadAssembly (808ms)
			LoadAssemblies (96ms)
			RebuildTransferFunctionScriptingTraits (0ms)
			SetupTypeCache (286ms)
			ReleaseScriptCaches (1ms)
			RebuildScriptCaches (35ms)
			SetupLoadedEditorAssemblies (309ms)
				LogAssemblyErrors (0ms)
				InitializePlatformSupportModulesInManaged (5ms)
				SetLoadedEditorAssemblies (0ms)
				RefreshPlugins (0ms)
				BeforeProcessingInitializeOnLoad (62ms)
				ProcessInitializeOnLoadAttributes (228ms)
				ProcessInitializeOnLoadMethodAttributes (3ms)
				AfterProcessingInitializeOnLoad (10ms)
				EditorAssembliesLoaded (0ms)
			ExecutionOrderSort2 (0ms)
			AwakeInstancesAfterBackupRestoration (6ms)
Platform modules already initialized, skipping
Refreshing native plugins compatible for Editor in 0.46 ms, found 2 plugins.
Preloading 0 native plugins for Editor in 0.00 ms.
Unloading 1698 Unused Serialized files (Serialized files now loaded: 0)
System memory in use before: 81.0 MB.
System memory in use after: 81.1 MB.

Unloading 11 unused Assets to reduce memory usage. Loaded Objects now: 2168.
Total: 2.665400 ms (FindLiveObjects: 0.151900 ms CreateObjectMapping: 0.058600 ms MarkObjects: 2.439100 ms  DeleteObjects: 0.014800 ms)

AssetImportParameters requested are different than current active one (requested -> active):
  custom:framework-win-MediaFoundation: 216162199b28c13a410421893ffa2e32 -> 
  custom:video-decoder-ogg-theora: a1e56fd34408186e4bbccfd4996cb3dc -> 
  custom:container-muxer-webm: aa71ff27fc2769a1b78a27578f13a17b -> 
  custom:container-demuxer-webm: 4f35f7cbe854078d1ac9338744f61a02 -> 
  custom:container-demuxer-ogg: 62fdf1f143b41e24485cea50d1cbac27 -> 
  custom:video-encoder-webm-vp8: eb34c28f22e8b96e1ab97ce403110664 -> 
  custom:video-codec-MediaFoundation-h265: 746d11721c4dcdbdad8f713fa42b33f4 -> 
  custom:video-decoder-webm-vp8: 9c59270c3fd7afecdb556c50c9e8de78 -> 
  custom:audio-decoder-ogg-vorbis: bf7c407c2cedff20999df2af8eb42d56 -> 
  custom:audio-encoder-webm-vorbis: bf7c407c2cedff20999df2af8eb42d56 -> 
========================================================================
Received Import Request.
  Time since last request: 160.774357 seconds.
  path: Assets/Tile/Tree/Tree_Group.prefab
  artifactKey: Guid(7672d8079bbd0ff488f5aa5feae6ce69) Importer(815301076,1909f56bfc062723c751e8b465ee728b)
Start importing Assets/Tile/Tree/Tree_Group.prefab using Guid(7672d8079bbd0ff488f5aa5feae6ce69) Importer(815301076,1909f56bfc062723c751e8b465ee728b)  -> (artifact id: '1b00df3cc8218f6e9ac309fdd04d0923') in 0.046971 seconds 
  Import took 0.049628 seconds .

========================================================================
Received Import Request.
  Time since last request: 3.664668 seconds.
  path: Assets/Tile/Tree/Tree_Large.prefab
  artifactKey: Guid(30d2dcb3593de0044beb81afbde616cb) Importer(815301076,1909f56bfc062723c751e8b465ee728b)
Start importing Assets/Tile/Tree/Tree_Large.prefab using Guid(30d2dcb3593de0044beb81afbde616cb) Importer(815301076,1909f56bfc062723c751e8b465ee728b)  -> (artifact id: '19472dd77b9556787f159a9be2e75732') in 0.008792 seconds 
  Import took 0.011732 seconds .

========================================================================
Received Import Request.
  Time since last request: 72.531934 seconds.
  path: Assets/Tile/Tree/Tree_Group.prefab
  artifactKey: Guid(7672d8079bbd0ff488f5aa5feae6ce69) Importer(815301076,1909f56bfc062723c751e8b465ee728b)
Start importing Assets/Tile/Tree/Tree_Group.prefab using Guid(7672d8079bbd0ff488f5aa5feae6ce69) Importer(815301076,1909f56bfc062723c751e8b465ee728b)  -> (artifact id: '3579acf8771b55c9ce93bb6cd62b4d1b') in 0.013172 seconds 
  Import took 0.016196 seconds .

========================================================================
Received Import Request.
  Time since last request: 19.766031 seconds.
  path: Assets/Tile/Tree/Tree_Group.prefab
  artifactKey: Guid(7672d8079bbd0ff488f5aa5feae6ce69) Importer(815301076,1909f56bfc062723c751e8b465ee728b)
Start importing Assets/Tile/Tree/Tree_Group.prefab using Guid(7672d8079bbd0ff488f5aa5feae6ce69) Importer(815301076,1909f56bfc062723c751e8b465ee728b)  -> (artifact id: 'cc33618911262e6b16e7819fe095d668') in 0.011747 seconds 
  Import took 0.016387 seconds .

========================================================================
Received Import Request.
  Time since last request: 48.664062 seconds.
  path: Assets/Tile/Tree/Tree_Group.prefab
  artifactKey: Guid(7672d8079bbd0ff488f5aa5feae6ce69) Importer(815301076,1909f56bfc062723c751e8b465ee728b)
Start importing Assets/Tile/Tree/Tree_Group.prefab using Guid(7672d8079bbd0ff488f5aa5feae6ce69) Importer(815301076,1909f56bfc062723c751e8b465ee728b)  -> (artifact id: 'd96a821554738c3e64343c365d6ace4a') in 0.009526 seconds 
  Import took 0.012480 seconds .

========================================================================
Received Import Request.
  Time since last request: 2.910518 seconds.
  path: Assets/Tile/Tree/Tree_Group.prefab
  artifactKey: Guid(7672d8079bbd0ff488f5aa5feae6ce69) Importer(815301076,1909f56bfc062723c751e8b465ee728b)
Start importing Assets/Tile/Tree/Tree_Group.prefab using Guid(7672d8079bbd0ff488f5aa5feae6ce69) Importer(815301076,1909f56bfc062723c751e8b465ee728b)  -> (artifact id: '7491af03bf7a053302fecd4dccaa2b73') in 0.010684 seconds 
  Import took 0.013507 seconds .

========================================================================
Received Import Request.
  Time since last request: 12.361910 seconds.
  path: Assets/Tile/Tree/Tree_Group.prefab
  artifactKey: Guid(7672d8079bbd0ff488f5aa5feae6ce69) Importer(815301076,1909f56bfc062723c751e8b465ee728b)
Start importing Assets/Tile/Tree/Tree_Group.prefab using Guid(7672d8079bbd0ff488f5aa5feae6ce69) Importer(815301076,1909f56bfc062723c751e8b465ee728b)  -> (artifact id: 'c74c956a5d1f246b470312d7f8a19877') in 0.009705 seconds 
  Import took 0.012544 seconds .

========================================================================
Received Import Request.
  Time since last request: 19.048372 seconds.
  path: Assets/Tile/Tree/Tree_Group.prefab
  artifactKey: Guid(7672d8079bbd0ff488f5aa5feae6ce69) Importer(815301076,1909f56bfc062723c751e8b465ee728b)
Start importing Assets/Tile/Tree/Tree_Group.prefab using Guid(7672d8079bbd0ff488f5aa5feae6ce69) Importer(815301076,1909f56bfc062723c751e8b465ee728b)  -> (artifact id: 'a6370c2ded5042cb7f05cdf890e8ba39') in 0.011171 seconds 
  Import took 0.015784 seconds .

========================================================================
Received Import Request.
  Time since last request: 31.169422 seconds.
  path: Assets/Tile/Tree/Tree_Group.prefab
  artifactKey: Guid(7672d8079bbd0ff488f5aa5feae6ce69) Importer(815301076,1909f56bfc062723c751e8b465ee728b)
Start importing Assets/Tile/Tree/Tree_Group.prefab using Guid(7672d8079bbd0ff488f5aa5feae6ce69) Importer(815301076,1909f56bfc062723c751e8b465ee728b)  -> (artifact id: '5c3ee390c1d3a11ec4fc244c0555b375') in 0.013019 seconds 
  Import took 0.015997 seconds .

========================================================================
Received Import Request.
  Time since last request: 23.465723 seconds.
  path: Assets/Tile/Tree/Tree_Group.prefab
  artifactKey: Guid(7672d8079bbd0ff488f5aa5feae6ce69) Importer(815301076,1909f56bfc062723c751e8b465ee728b)
Start importing Assets/Tile/Tree/Tree_Group.prefab using Guid(7672d8079bbd0ff488f5aa5feae6ce69) Importer(815301076,1909f56bfc062723c751e8b465ee728b)  -> (artifact id: '53d0ab81d6db4fac80732bfde3cfa16e') in 0.013332 seconds 
  Import took 0.017728 seconds .

========================================================================
Received Import Request.
  Time since last request: 2.538267 seconds.
  path: Assets/Tile/Tree/Tree_Group.prefab
  artifactKey: Guid(7672d8079bbd0ff488f5aa5feae6ce69) Importer(815301076,1909f56bfc062723c751e8b465ee728b)
Start importing Assets/Tile/Tree/Tree_Group.prefab using Guid(7672d8079bbd0ff488f5aa5feae6ce69) Importer(815301076,1909f56bfc062723c751e8b465ee728b)  -> (artifact id: '4190c8bbcdec0b02c4734575a2e7119f') in 0.009052 seconds 
  Import took 0.012303 seconds .

========================================================================
Received Import Request.
  Time since last request: 11.479577 seconds.
  path: Assets/Tile/Tree/Tree_Group.prefab
  artifactKey: Guid(7672d8079bbd0ff488f5aa5feae6ce69) Importer(815301076,1909f56bfc062723c751e8b465ee728b)
Start importing Assets/Tile/Tree/Tree_Group.prefab using Guid(7672d8079bbd0ff488f5aa5feae6ce69) Importer(815301076,1909f56bfc062723c751e8b465ee728b)  -> (artifact id: 'ffbbf0b33c41a0864f9f0ab85861e435') in 0.009264 seconds 
  Import took 0.012069 seconds .

========================================================================
Received Import Request.
  Time since last request: 17.556297 seconds.
  path: Assets/Tile/Tree/Tree_Group.prefab
  artifactKey: Guid(7672d8079bbd0ff488f5aa5feae6ce69) Importer(815301076,1909f56bfc062723c751e8b465ee728b)
Start importing Assets/Tile/Tree/Tree_Group.prefab using Guid(7672d8079bbd0ff488f5aa5feae6ce69) Importer(815301076,1909f56bfc062723c751e8b465ee728b)  -> (artifact id: '0b8a6e4d6eec707be2a6797e546137cd') in 0.009730 seconds 
  Import took 0.012889 seconds .

========================================================================
Received Import Request.
  Time since last request: 0.197890 seconds.
  path: Assets/Tile/Tree/Tree_Group.prefab
  artifactKey: Guid(7672d8079bbd0ff488f5aa5feae6ce69) Importer(815301076,1909f56bfc062723c751e8b465ee728b)
Start importing Assets/Tile/Tree/Tree_Group.prefab using Guid(7672d8079bbd0ff488f5aa5feae6ce69) Importer(815301076,1909f56bfc062723c751e8b465ee728b)  -> (artifact id: '81e99bad0a64f5965002c54943ad3963') in 0.009587 seconds 
  Import took 0.012426 seconds .

========================================================================
Received Import Request.
  Time since last request: 8.913709 seconds.
  path: Assets/Tile/Tree/Tree_Group.prefab
  artifactKey: Guid(7672d8079bbd0ff488f5aa5feae6ce69) Importer(815301076,1909f56bfc062723c751e8b465ee728b)
Start importing Assets/Tile/Tree/Tree_Group.prefab using Guid(7672d8079bbd0ff488f5aa5feae6ce69) Importer(815301076,1909f56bfc062723c751e8b465ee728b)  -> (artifact id: '14bcfc5a8fe946450b26e8b9f438d621') in 0.010738 seconds 
  Import took 0.014384 seconds .

========================================================================
Received Import Request.
  Time since last request: 10.086115 seconds.
  path: Assets/Tile/Tree/Tree_Group.prefab
  artifactKey: Guid(7672d8079bbd0ff488f5aa5feae6ce69) Importer(815301076,1909f56bfc062723c751e8b465ee728b)
Start importing Assets/Tile/Tree/Tree_Group.prefab using Guid(7672d8079bbd0ff488f5aa5feae6ce69) Importer(815301076,1909f56bfc062723c751e8b465ee728b)  -> (artifact id: '78ff327cd18f980c1c40c5b68278caae') in 0.009987 seconds 
  Import took 0.013742 seconds .

========================================================================
Received Import Request.
  Time since last request: 14.620367 seconds.
  path: Assets/Tile/Tree/Tree_Group.prefab
  artifactKey: Guid(7672d8079bbd0ff488f5aa5feae6ce69) Importer(815301076,1909f56bfc062723c751e8b465ee728b)
Start importing Assets/Tile/Tree/Tree_Group.prefab using Guid(7672d8079bbd0ff488f5aa5feae6ce69) Importer(815301076,1909f56bfc062723c751e8b465ee728b)  -> (artifact id: '3018cdc369cc19f35354e87cd4b7d729') in 0.013182 seconds 
  Import took 0.017025 seconds .

========================================================================
Received Import Request.
  Time since last request: 18.286047 seconds.
  path: Assets/Tile/Tree/Tree_Group.prefab
  artifactKey: Guid(7672d8079bbd0ff488f5aa5feae6ce69) Importer(815301076,1909f56bfc062723c751e8b465ee728b)
Start importing Assets/Tile/Tree/Tree_Group.prefab using Guid(7672d8079bbd0ff488f5aa5feae6ce69) Importer(815301076,1909f56bfc062723c751e8b465ee728b)  -> (artifact id: 'adc6f22b2aba524e434e3dcdf59624eb') in 0.009649 seconds 
  Import took 0.012430 seconds .

========================================================================
Received Import Request.
  Time since last request: 19.802351 seconds.
  path: Assets/Tile/Tree/Tree_Group.prefab
  artifactKey: Guid(7672d8079bbd0ff488f5aa5feae6ce69) Importer(815301076,1909f56bfc062723c751e8b465ee728b)
Start importing Assets/Tile/Tree/Tree_Group.prefab using Guid(7672d8079bbd0ff488f5aa5feae6ce69) Importer(815301076,1909f56bfc062723c751e8b465ee728b)  -> (artifact id: '8a0e126fc3bda16b8014360eeb982d7e') in 0.009238 seconds 
  Import took 0.012445 seconds .

========================================================================
Received Import Request.
  Time since last request: 10.105371 seconds.
  path: Assets/Tile/Tree/Tree_Group.prefab
  artifactKey: Guid(7672d8079bbd0ff488f5aa5feae6ce69) Importer(815301076,1909f56bfc062723c751e8b465ee728b)
Start importing Assets/Tile/Tree/Tree_Group.prefab using Guid(7672d8079bbd0ff488f5aa5feae6ce69) Importer(815301076,1909f56bfc062723c751e8b465ee728b)  -> (artifact id: '039b6f929bbac1c49553dc6c0ab7653e') in 0.013342 seconds 
  Import took 0.016498 seconds .

========================================================================
Received Import Request.
  Time since last request: 21.629811 seconds.
  path: Assets/Tile/Tree/Tree_Group.prefab
  artifactKey: Guid(7672d8079bbd0ff488f5aa5feae6ce69) Importer(815301076,1909f56bfc062723c751e8b465ee728b)
Start importing Assets/Tile/Tree/Tree_Group.prefab using Guid(7672d8079bbd0ff488f5aa5feae6ce69) Importer(815301076,1909f56bfc062723c751e8b465ee728b)  -> (artifact id: '3a8f28b67e4a0599aa2529295eb5cde1') in 0.009580 seconds 
  Import took 0.012365 seconds .

========================================================================
Received Import Request.
  Time since last request: 26.930749 seconds.
  path: Assets/Tile/Tree/Tree_Group.prefab
  artifactKey: Guid(7672d8079bbd0ff488f5aa5feae6ce69) Importer(815301076,1909f56bfc062723c751e8b465ee728b)
Start importing Assets/Tile/Tree/Tree_Group.prefab using Guid(7672d8079bbd0ff488f5aa5feae6ce69) Importer(815301076,1909f56bfc062723c751e8b465ee728b)  -> (artifact id: 'a4c02786cae599c6af34e3c173d67854') in 0.010122 seconds 
  Import took 0.013216 seconds .

========================================================================
Received Import Request.
  Time since last request: 9.165593 seconds.
  path: Assets/Tile/Tree/Tree_Group.prefab
  artifactKey: Guid(7672d8079bbd0ff488f5aa5feae6ce69) Importer(815301076,1909f56bfc062723c751e8b465ee728b)
Start importing Assets/Tile/Tree/Tree_Group.prefab using Guid(7672d8079bbd0ff488f5aa5feae6ce69) Importer(815301076,1909f56bfc062723c751e8b465ee728b)  -> (artifact id: '33881048675a0eefaa89555a3cbd28e8') in 0.009477 seconds 
  Import took 0.012298 seconds .

========================================================================
Received Import Request.
  Time since last request: 5.235657 seconds.
  path: Assets/Tile/Tree/Tree_Group.prefab
  artifactKey: Guid(7672d8079bbd0ff488f5aa5feae6ce69) Importer(815301076,1909f56bfc062723c751e8b465ee728b)
Start importing Assets/Tile/Tree/Tree_Group.prefab using Guid(7672d8079bbd0ff488f5aa5feae6ce69) Importer(815301076,1909f56bfc062723c751e8b465ee728b)  -> (artifact id: 'ad6f05f473f5adac7eef53866559fcde') in 0.009768 seconds 
  Import took 0.012709 seconds .

========================================================================
Received Import Request.
  Time since last request: 8.497006 seconds.
  path: Assets/Tile/Tree/Tree_Group.prefab
  artifactKey: Guid(7672d8079bbd0ff488f5aa5feae6ce69) Importer(815301076,1909f56bfc062723c751e8b465ee728b)
Start importing Assets/Tile/Tree/Tree_Group.prefab using Guid(7672d8079bbd0ff488f5aa5feae6ce69) Importer(815301076,1909f56bfc062723c751e8b465ee728b)  -> (artifact id: 'aa33797a2622f0ec8007477a1d296e06') in 0.009370 seconds 
  Import took 0.012594 seconds .

========================================================================
Received Import Request.
  Time since last request: 3.578346 seconds.
  path: Assets/Tile/Tree/Tree_Group.prefab
  artifactKey: Guid(7672d8079bbd0ff488f5aa5feae6ce69) Importer(815301076,1909f56bfc062723c751e8b465ee728b)
Start importing Assets/Tile/Tree/Tree_Group.prefab using Guid(7672d8079bbd0ff488f5aa5feae6ce69) Importer(815301076,1909f56bfc062723c751e8b465ee728b)  -> (artifact id: 'c8d1cae8663b70f35b00223b3dbeb669') in 0.016440 seconds 
  Import took 0.020961 seconds .

========================================================================
Received Import Request.
  Time since last request: 16.772760 seconds.
  path: Assets/Tile/Tree/Tree_Group.prefab
  artifactKey: Guid(7672d8079bbd0ff488f5aa5feae6ce69) Importer(815301076,1909f56bfc062723c751e8b465ee728b)
Start importing Assets/Tile/Tree/Tree_Group.prefab using Guid(7672d8079bbd0ff488f5aa5feae6ce69) Importer(815301076,1909f56bfc062723c751e8b465ee728b)  -> (artifact id: '750008c18726193a3e0207f8cf5f74b4') in 0.010811 seconds 
  Import took 0.014001 seconds .

========================================================================
Received Import Request.
  Time since last request: 22.934543 seconds.
  path: Assets/Tile/Tree/Tree_Group.prefab
  artifactKey: Guid(7672d8079bbd0ff488f5aa5feae6ce69) Importer(815301076,1909f56bfc062723c751e8b465ee728b)
Start importing Assets/Tile/Tree/Tree_Group.prefab using Guid(7672d8079bbd0ff488f5aa5feae6ce69) Importer(815301076,1909f56bfc062723c751e8b465ee728b)  -> (artifact id: 'bdf7bcb1747ea227e82e4bcc4af6d420') in 0.009778 seconds 
  Import took 0.013364 seconds .

========================================================================
Received Import Request.
  Time since last request: 39.420849 seconds.
  path: Assets/Tile/Tree/Tree_Group.prefab
  artifactKey: Guid(7672d8079bbd0ff488f5aa5feae6ce69) Importer(815301076,1909f56bfc062723c751e8b465ee728b)
Start importing Assets/Tile/Tree/Tree_Group.prefab using Guid(7672d8079bbd0ff488f5aa5feae6ce69) Importer(815301076,1909f56bfc062723c751e8b465ee728b)  -> (artifact id: '07e1a41b97a628d9f69432d6691a3d16') in 0.009070 seconds 
  Import took 0.012235 seconds .

========================================================================
Received Prepare
Registering precompiled user dll's ...
Registered in 0.004205 seconds.
Begin MonoManager ReloadAssembly
Native extension for WindowsStandalone target not found
Native extension for WebGL target not found
Refreshing native plugins compatible for Editor in 0.35 ms, found 2 plugins.
Preloading 0 native plugins for Editor in 0.00 ms.
Mono: successfully reloaded assembly
- Completed reload, in  0.897 seconds
Domain Reload Profiling:
	ReloadAssembly (897ms)
		BeginReloadAssembly (119ms)
			ExecutionOrderSort (0ms)
			DisableScriptedObjects (4ms)
			BackupInstance (0ms)
			ReleaseScriptingObjects (0ms)
			CreateAndSetChildDomain (30ms)
		EndReloadAssembly (720ms)
			LoadAssemblies (90ms)
			RebuildTransferFunctionScriptingTraits (0ms)
			SetupTypeCache (243ms)
			ReleaseScriptCaches (1ms)
			RebuildScriptCaches (33ms)
			SetupLoadedEditorAssemblies (272ms)
				LogAssemblyErrors (0ms)
				InitializePlatformSupportModulesInManaged (5ms)
				SetLoadedEditorAssemblies (0ms)
				RefreshPlugins (0ms)
				BeforeProcessingInitializeOnLoad (63ms)
				ProcessInitializeOnLoadAttributes (191ms)
				ProcessInitializeOnLoadMethodAttributes (3ms)
				AfterProcessingInitializeOnLoad (10ms)
				EditorAssembliesLoaded (0ms)
			ExecutionOrderSort2 (0ms)
			AwakeInstancesAfterBackupRestoration (6ms)
Platform modules already initialized, skipping
Refreshing native plugins compatible for Editor in 0.46 ms, found 2 plugins.
Preloading 0 native plugins for Editor in 0.00 ms.
Unloading 1698 Unused Serialized files (Serialized files now loaded: 0)
System memory in use before: 81.2 MB.
System memory in use after: 81.3 MB.

Unloading 15 unused Assets to reduce memory usage. Loaded Objects now: 2172.
Total: 2.593900 ms (FindLiveObjects: 0.152700 ms CreateObjectMapping: 0.057400 ms MarkObjects: 2.336900 ms  DeleteObjects: 0.045900 ms)

AssetImportParameters requested are different than current active one (requested -> active):
  custom:framework-win-MediaFoundation: 216162199b28c13a410421893ffa2e32 -> 
  custom:video-decoder-ogg-theora: a1e56fd34408186e4bbccfd4996cb3dc -> 
  custom:container-muxer-webm: aa71ff27fc2769a1b78a27578f13a17b -> 
  custom:container-demuxer-webm: 4f35f7cbe854078d1ac9338744f61a02 -> 
  custom:container-demuxer-ogg: 62fdf1f143b41e24485cea50d1cbac27 -> 
  custom:video-encoder-webm-vp8: eb34c28f22e8b96e1ab97ce403110664 -> 
  custom:video-codec-MediaFoundation-h265: 746d11721c4dcdbdad8f713fa42b33f4 -> 
  custom:video-decoder-webm-vp8: 9c59270c3fd7afecdb556c50c9e8de78 -> 
  custom:audio-decoder-ogg-vorbis: bf7c407c2cedff20999df2af8eb42d56 -> 
  custom:audio-encoder-webm-vorbis: bf7c407c2cedff20999df2af8eb42d56 -> 
========================================================================
Received Import Request.
  Time since last request: 94.334584 seconds.
  path: Assets/Tile/Tree/Tree_Group.prefab
  artifactKey: Guid(7672d8079bbd0ff488f5aa5feae6ce69) Importer(815301076,1909f56bfc062723c751e8b465ee728b)
Start importing Assets/Tile/Tree/Tree_Group.prefab using Guid(7672d8079bbd0ff488f5aa5feae6ce69) Importer(815301076,1909f56bfc062723c751e8b465ee728b)  -> (artifact id: 'a1f42e4e60711ce5cee524b2d0590740') in 0.055045 seconds 
  Import took 0.057724 seconds .

========================================================================
Received Prepare
Registering precompiled user dll's ...
Registered in 0.002817 seconds.
Begin MonoManager ReloadAssembly
Native extension for WindowsStandalone target not found
Native extension for WebGL target not found
Refreshing native plugins compatible for Editor in 0.67 ms, found 2 plugins.
Preloading 0 native plugins for Editor in 0.00 ms.
Mono: successfully reloaded assembly
- Completed reload, in  1.082 seconds
Domain Reload Profiling:
	ReloadAssembly (1083ms)
		BeginReloadAssembly (125ms)
			ExecutionOrderSort (0ms)
			DisableScriptedObjects (7ms)
			BackupInstance (0ms)
			ReleaseScriptingObjects (0ms)
			CreateAndSetChildDomain (36ms)
		EndReloadAssembly (897ms)
			LoadAssemblies (103ms)
			RebuildTransferFunctionScriptingTraits (0ms)
			SetupTypeCache (336ms)
			ReleaseScriptCaches (1ms)
			RebuildScriptCaches (32ms)
			SetupLoadedEditorAssemblies (324ms)
				LogAssemblyErrors (0ms)
				InitializePlatformSupportModulesInManaged (8ms)
				SetLoadedEditorAssemblies (1ms)
				RefreshPlugins (1ms)
				BeforeProcessingInitializeOnLoad (100ms)
				ProcessInitializeOnLoadAttributes (198ms)
				ProcessInitializeOnLoadMethodAttributes (4ms)
				AfterProcessingInitializeOnLoad (11ms)
				EditorAssembliesLoaded (0ms)
			ExecutionOrderSort2 (0ms)
			AwakeInstancesAfterBackupRestoration (6ms)
Platform modules already initialized, skipping
Refreshing native plugins compatible for Editor in 0.47 ms, found 2 plugins.
Preloading 0 native plugins for Editor in 0.00 ms.
Unloading 1698 Unused Serialized files (Serialized files now loaded: 0)
System memory in use before: 81.2 MB.
System memory in use after: 81.3 MB.

Unloading 15 unused Assets to reduce memory usage. Loaded Objects now: 2175.
Total: 2.867600 ms (FindLiveObjects: 0.153700 ms CreateObjectMapping: 0.056900 ms MarkObjects: 2.609700 ms  DeleteObjects: 0.046200 ms)

AssetImportParameters requested are different than current active one (requested -> active):
  custom:framework-win-MediaFoundation: 216162199b28c13a410421893ffa2e32 -> 
  custom:video-decoder-ogg-theora: a1e56fd34408186e4bbccfd4996cb3dc -> 
  custom:container-muxer-webm: aa71ff27fc2769a1b78a27578f13a17b -> 
  custom:container-demuxer-webm: 4f35f7cbe854078d1ac9338744f61a02 -> 
  custom:container-demuxer-ogg: 62fdf1f143b41e24485cea50d1cbac27 -> 
  custom:video-encoder-webm-vp8: eb34c28f22e8b96e1ab97ce403110664 -> 
  custom:video-codec-MediaFoundation-h265: 746d11721c4dcdbdad8f713fa42b33f4 -> 
  custom:video-decoder-webm-vp8: 9c59270c3fd7afecdb556c50c9e8de78 -> 
  custom:audio-decoder-ogg-vorbis: bf7c407c2cedff20999df2af8eb42d56 -> 
  custom:audio-encoder-webm-vorbis: bf7c407c2cedff20999df2af8eb42d56 -> 
========================================================================
Received Prepare
Registering precompiled user dll's ...
Registered in 0.002817 seconds.
Begin MonoManager ReloadAssembly
Native extension for WindowsStandalone target not found
Native extension for WebGL target not found
Refreshing native plugins compatible for Editor in 0.44 ms, found 2 plugins.
Preloading 0 native plugins for Editor in 0.00 ms.
Mono: successfully reloaded assembly
- Completed reload, in  0.921 seconds
Domain Reload Profiling:
	ReloadAssembly (921ms)
		BeginReloadAssembly (106ms)
			ExecutionOrderSort (0ms)
			DisableScriptedObjects (4ms)
			BackupInstance (0ms)
			ReleaseScriptingObjects (0ms)
			CreateAndSetChildDomain (29ms)
		EndReloadAssembly (739ms)
			LoadAssemblies (91ms)
			RebuildTransferFunctionScriptingTraits (0ms)
			SetupTypeCache (261ms)
			ReleaseScriptCaches (1ms)
			RebuildScriptCaches (31ms)
			SetupLoadedEditorAssemblies (272ms)
				LogAssemblyErrors (0ms)
				InitializePlatformSupportModulesInManaged (6ms)
				SetLoadedEditorAssemblies (1ms)
				RefreshPlugins (1ms)
				BeforeProcessingInitializeOnLoad (63ms)
				ProcessInitializeOnLoadAttributes (188ms)
				ProcessInitializeOnLoadMethodAttributes (3ms)
				AfterProcessingInitializeOnLoad (10ms)
				EditorAssembliesLoaded (0ms)
			ExecutionOrderSort2 (0ms)
			AwakeInstancesAfterBackupRestoration (6ms)
Platform modules already initialized, skipping
Refreshing native plugins compatible for Editor in 0.46 ms, found 2 plugins.
Preloading 0 native plugins for Editor in 0.00 ms.
Unloading 1698 Unused Serialized files (Serialized files now loaded: 0)
System memory in use before: 81.2 MB.
System memory in use after: 81.3 MB.

Unloading 11 unused Assets to reduce memory usage. Loaded Objects now: 2177.
Total: 2.630400 ms (FindLiveObjects: 0.143000 ms CreateObjectMapping: 0.057300 ms MarkObjects: 2.415200 ms  DeleteObjects: 0.014100 ms)

AssetImportParameters requested are different than current active one (requested -> active):
  custom:framework-win-MediaFoundation: 216162199b28c13a410421893ffa2e32 -> 
  custom:video-decoder-ogg-theora: a1e56fd34408186e4bbccfd4996cb3dc -> 
  custom:container-muxer-webm: aa71ff27fc2769a1b78a27578f13a17b -> 
  custom:container-demuxer-webm: 4f35f7cbe854078d1ac9338744f61a02 -> 
  custom:container-demuxer-ogg: 62fdf1f143b41e24485cea50d1cbac27 -> 
  custom:video-encoder-webm-vp8: eb34c28f22e8b96e1ab97ce403110664 -> 
  custom:video-codec-MediaFoundation-h265: 746d11721c4dcdbdad8f713fa42b33f4 -> 
  custom:video-decoder-webm-vp8: 9c59270c3fd7afecdb556c50c9e8de78 -> 
  custom:audio-decoder-ogg-vorbis: bf7c407c2cedff20999df2af8eb42d56 -> 
  custom:audio-encoder-webm-vorbis: bf7c407c2cedff20999df2af8eb42d56 -> 
========================================================================
Received Prepare
Registering precompiled user dll's ...
Registered in 0.002878 seconds.
Begin MonoManager ReloadAssembly
Native extension for WindowsStandalone target not found
Native extension for WebGL target not found
Refreshing native plugins compatible for Editor in 0.39 ms, found 2 plugins.
Preloading 0 native plugins for Editor in 0.00 ms.
[ScriptCompilation] NOT recompiling all scripts because this is an import worker process. Reason to compile was: Define symbols changed
Mono: successfully reloaded assembly
- Completed reload, in  0.963 seconds
Domain Reload Profiling:
	ReloadAssembly (963ms)
		BeginReloadAssembly (110ms)
			ExecutionOrderSort (0ms)
			DisableScriptedObjects (4ms)
			BackupInstance (0ms)
			ReleaseScriptingObjects (0ms)
			CreateAndSetChildDomain (30ms)
		EndReloadAssembly (791ms)
			LoadAssemblies (91ms)
			RebuildTransferFunctionScriptingTraits (0ms)
			SetupTypeCache (260ms)
			ReleaseScriptCaches (1ms)
			RebuildScriptCaches (34ms)
			SetupLoadedEditorAssemblies (322ms)
				LogAssemblyErrors (0ms)
				InitializePlatformSupportModulesInManaged (5ms)
				SetLoadedEditorAssemblies (0ms)
				RefreshPlugins (0ms)
				BeforeProcessingInitializeOnLoad (89ms)
				ProcessInitializeOnLoadAttributes (214ms)
				ProcessInitializeOnLoadMethodAttributes (3ms)
				AfterProcessingInitializeOnLoad (10ms)
				EditorAssembliesLoaded (0ms)
			ExecutionOrderSort2 (0ms)
			AwakeInstancesAfterBackupRestoration (6ms)
Platform modules already initialized, skipping
Refreshing native plugins compatible for Editor in 0.49 ms, found 2 plugins.
Preloading 0 native plugins for Editor in 0.00 ms.
Unloading 1818 Unused Serialized files (Serialized files now loaded: 0)
System memory in use before: 89.1 MB.
System memory in use after: 87.1 MB.

Unloading 38 unused Assets to reduce memory usage. Loaded Objects now: 2272.
Total: 3.371200 ms (FindLiveObjects: 0.169400 ms CreateObjectMapping: 0.063200 ms MarkObjects: 2.535000 ms  DeleteObjects: 0.602200 ms)

AssetImportParameters requested are different than current active one (requested -> active):
  custom:framework-win-MediaFoundation: 216162199b28c13a410421893ffa2e32 -> 
  custom:video-decoder-ogg-theora: a1e56fd34408186e4bbccfd4996cb3dc -> 
  custom:container-muxer-webm: aa71ff27fc2769a1b78a27578f13a17b -> 
  custom:container-demuxer-webm: 4f35f7cbe854078d1ac9338744f61a02 -> 
  custom:container-demuxer-ogg: 62fdf1f143b41e24485cea50d1cbac27 -> 
  custom:video-encoder-webm-vp8: eb34c28f22e8b96e1ab97ce403110664 -> 
  custom:video-codec-MediaFoundation-h265: 746d11721c4dcdbdad8f713fa42b33f4 -> 
  custom:video-decoder-webm-vp8: 9c59270c3fd7afecdb556c50c9e8de78 -> 
  custom:audio-decoder-ogg-vorbis: bf7c407c2cedff20999df2af8eb42d56 -> 
  custom:audio-encoder-webm-vorbis: bf7c407c2cedff20999df2af8eb42d56 -> 
========================================================================
Received Import Request.
  Time since last request: 536.211868 seconds.
  path: Assets/Environment
  artifactKey: Guid(5d8198d53adf86b468514c80f9143402) Importer(815301076,1909f56bfc062723c751e8b465ee728b)
Start importing Assets/Environment using Guid(5d8198d53adf86b468514c80f9143402) Importer(815301076,1909f56bfc062723c751e8b465ee728b)  -> (artifact id: 'a59d67ba1971db281ca98185bc25d802') in 0.009807 seconds 
  Import took 0.013025 seconds .

========================================================================
Received Prepare
Registering precompiled user dll's ...
Registered in 0.002861 seconds.
Begin MonoManager ReloadAssembly
Native extension for WindowsStandalone target not found
Native extension for WebGL target not found
Refreshing native plugins compatible for Editor in 0.37 ms, found 2 plugins.
Preloading 0 native plugins for Editor in 0.00 ms.
[ScriptCompilation] NOT recompiling all scripts because this is an import worker process. Reason to compile was: Define symbols changed
Mono: successfully reloaded assembly
- Completed reload, in  1.027 seconds
Domain Reload Profiling:
	ReloadAssembly (1027ms)
		BeginReloadAssembly (124ms)
			ExecutionOrderSort (0ms)
			DisableScriptedObjects (4ms)
			BackupInstance (0ms)
			ReleaseScriptingObjects (0ms)
			CreateAndSetChildDomain (31ms)
		EndReloadAssembly (842ms)
			LoadAssemblies (99ms)
			RebuildTransferFunctionScriptingTraits (0ms)
			SetupTypeCache (288ms)
			ReleaseScriptCaches (1ms)
			RebuildScriptCaches (33ms)
			SetupLoadedEditorAssemblies (332ms)
				LogAssemblyErrors (0ms)
				InitializePlatformSupportModulesInManaged (5ms)
				SetLoadedEditorAssemblies (0ms)
				RefreshPlugins (0ms)
				BeforeProcessingInitializeOnLoad (66ms)
				ProcessInitializeOnLoadAttributes (242ms)
				ProcessInitializeOnLoadMethodAttributes (5ms)
				AfterProcessingInitializeOnLoad (13ms)
				EditorAssembliesLoaded (0ms)
			ExecutionOrderSort2 (0ms)
			AwakeInstancesAfterBackupRestoration (9ms)
Platform modules already initialized, skipping
Refreshing native plugins compatible for Editor in 0.51 ms, found 2 plugins.
Preloading 0 native plugins for Editor in 0.00 ms.
Unloading 1818 Unused Serialized files (Serialized files now loaded: 0)
System memory in use before: 89.1 MB.
System memory in use after: 87.1 MB.

Unloading 38 unused Assets to reduce memory usage. Loaded Objects now: 2274.
Total: 3.254700 ms (FindLiveObjects: 0.147800 ms CreateObjectMapping: 0.063000 ms MarkObjects: 2.414100 ms  DeleteObjects: 0.628700 ms)

AssetImportParameters requested are different than current active one (requested -> active):
  custom:framework-win-MediaFoundation: 216162199b28c13a410421893ffa2e32 -> 
  custom:video-decoder-ogg-theora: a1e56fd34408186e4bbccfd4996cb3dc -> 
  custom:container-muxer-webm: aa71ff27fc2769a1b78a27578f13a17b -> 
  custom:container-demuxer-webm: 4f35f7cbe854078d1ac9338744f61a02 -> 
  custom:container-demuxer-ogg: 62fdf1f143b41e24485cea50d1cbac27 -> 
  custom:video-encoder-webm-vp8: eb34c28f22e8b96e1ab97ce403110664 -> 
  custom:video-codec-MediaFoundation-h265: 746d11721c4dcdbdad8f713fa42b33f4 -> 
  custom:video-decoder-webm-vp8: 9c59270c3fd7afecdb556c50c9e8de78 -> 
  custom:audio-decoder-ogg-vorbis: bf7c407c2cedff20999df2af8eb42d56 -> 
  custom:audio-encoder-webm-vorbis: bf7c407c2cedff20999df2af8eb42d56 -> 
========================================================================
Received Prepare
Registering precompiled user dll's ...
Registered in 0.002850 seconds.
Begin MonoManager ReloadAssembly
Native extension for WindowsStandalone target not found
Native extension for WebGL target not found
Refreshing native plugins compatible for Editor in 0.41 ms, found 2 plugins.
Preloading 0 native plugins for Editor in 0.00 ms.
[ScriptCompilation] NOT recompiling all scripts because this is an import worker process. Reason to compile was: Define symbols changed
Mono: successfully reloaded assembly
- Completed reload, in  0.999 seconds
Domain Reload Profiling:
	ReloadAssembly (999ms)
		BeginReloadAssembly (138ms)
			ExecutionOrderSort (0ms)
			DisableScriptedObjects (4ms)
			BackupInstance (0ms)
			ReleaseScriptingObjects (0ms)
			CreateAndSetChildDomain (44ms)
		EndReloadAssembly (799ms)
			LoadAssemblies (94ms)
			RebuildTransferFunctionScriptingTraits (0ms)
			SetupTypeCache (244ms)
			ReleaseScriptCaches (1ms)
			RebuildScriptCaches (68ms)
			SetupLoadedEditorAssemblies (311ms)
				LogAssemblyErrors (0ms)
				InitializePlatformSupportModulesInManaged (5ms)
				SetLoadedEditorAssemblies (0ms)
				RefreshPlugins (0ms)
				BeforeProcessingInitializeOnLoad (64ms)
				ProcessInitializeOnLoadAttributes (227ms)
				ProcessInitializeOnLoadMethodAttributes (3ms)
				AfterProcessingInitializeOnLoad (10ms)
				EditorAssembliesLoaded (0ms)
			ExecutionOrderSort2 (0ms)
			AwakeInstancesAfterBackupRestoration (6ms)
Platform modules already initialized, skipping
Refreshing native plugins compatible for Editor in 0.54 ms, found 2 plugins.
Preloading 0 native plugins for Editor in 0.00 ms.
Unloading 1818 Unused Serialized files (Serialized files now loaded: 0)
System memory in use before: 89.0 MB.
System memory in use after: 87.1 MB.

Unloading 38 unused Assets to reduce memory usage. Loaded Objects now: 2276.
Total: 3.207100 ms (FindLiveObjects: 0.154600 ms CreateObjectMapping: 0.068800 ms MarkObjects: 2.330200 ms  DeleteObjects: 0.652200 ms)

AssetImportParameters requested are different than current active one (requested -> active):
  custom:framework-win-MediaFoundation: 216162199b28c13a410421893ffa2e32 -> 
  custom:video-decoder-ogg-theora: a1e56fd34408186e4bbccfd4996cb3dc -> 
  custom:container-muxer-webm: aa71ff27fc2769a1b78a27578f13a17b -> 
  custom:container-demuxer-webm: 4f35f7cbe854078d1ac9338744f61a02 -> 
  custom:container-demuxer-ogg: 62fdf1f143b41e24485cea50d1cbac27 -> 
  custom:video-encoder-webm-vp8: eb34c28f22e8b96e1ab97ce403110664 -> 
  custom:video-codec-MediaFoundation-h265: 746d11721c4dcdbdad8f713fa42b33f4 -> 
  custom:video-decoder-webm-vp8: 9c59270c3fd7afecdb556c50c9e8de78 -> 
  custom:audio-decoder-ogg-vorbis: bf7c407c2cedff20999df2af8eb42d56 -> 
  custom:audio-encoder-webm-vorbis: bf7c407c2cedff20999df2af8eb42d56 -> 
AssetImportWorkerClient::OnTransportError - code=2 error=End of file
